2019-12-13 14:17:53.675  INFO 24961 --- [restartedMain] com.yygq.demo.DemoApplication            : Starting DemoApplication on AmeReIorideMacBook-Pro.local with PID 24961 (/Users/ame/Desktop/springstu/demo/target/classes started by ame in /Users/ame/Desktop/springstu/demo)
2019-12-13 14:17:53.677 DEBUG 24961 --- [restartedMain] com.yygq.demo.DemoApplication            : Running with Spring Boot v2.2.2.RELEASE, Spring v5.2.2.RELEASE
2019-12-13 14:17:53.677  INFO 24961 --- [restartedMain] com.yygq.demo.DemoApplication            : The following profiles are active: dev
2019-12-13 14:17:53.726  INFO 24961 --- [restartedMain] .e.DevToolsPropertyDefaultsPostProcessor : Devtools property defaults active! Set 'spring.devtools.add-properties' to 'false' to disable
2019-12-13 14:17:53.726  INFO 24961 --- [restartedMain] .e.DevToolsPropertyDefaultsPostProcessor : For additional web related logging consider setting the 'logging.level.web' property to 'DEBUG'
2019-12-13 14:17:54.825  INFO 24961 --- [restartedMain] o.s.b.w.embedded.tomcat.TomcatWebServer  : Tomcat initialized with port(s): 8080 (http)
2019-12-13 14:17:54.836  INFO 24961 --- [restartedMain] o.apache.catalina.core.StandardService   : Starting service [Tomcat]
2019-12-13 14:17:54.837  INFO 24961 --- [restartedMain] org.apache.catalina.core.StandardEngine  : Starting Servlet engine: [Apache Tomcat/9.0.29]
2019-12-13 14:17:54.910  INFO 24961 --- [restartedMain] o.a.c.c.C.[Tomcat].[localhost].[/]       : Initializing Spring embedded WebApplicationContext
2019-12-13 14:17:54.910  INFO 24961 --- [restartedMain] o.s.web.context.ContextLoader            : Root WebApplicationContext: initialization completed in 1184 ms
2019-12-13 14:17:54.987  INFO 24961 --- [restartedMain] com.zaxxer.hikari.HikariDataSource       : SpringBootDemoHikariCP - Starting...
2019-12-13 14:17:55.178  INFO 24961 --- [restartedMain] com.zaxxer.hikari.HikariDataSource       : SpringBootDemoHikariCP - Start completed.
2019-12-13 14:17:55.227  INFO 24961 --- [restartedMain] o.s.b.d.a.OptionalLiveReloadServer       : LiveReload server is running on port 35729
2019-12-13 14:17:55.397  INFO 24961 --- [restartedMain] o.s.s.concurrent.ThreadPoolTaskExecutor  : Initializing ExecutorService 'applicationTaskExecutor'
2019-12-13 14:17:55.461  INFO 24961 --- [restartedMain] o.s.b.a.w.s.WelcomePageHandlerMapping    : Adding welcome page: class path resource [static/index.html]
2019-12-13 14:17:55.589  INFO 24961 --- [restartedMain] o.s.b.w.embedded.tomcat.TomcatWebServer  : Tomcat started on port(s): 8080 (http) with context path ''
2019-12-13 14:17:55.593  INFO 24961 --- [restartedMain] com.yygq.demo.DemoApplication            : Started DemoApplication in 2.44 seconds (JVM running for 2.78)
2019-12-13 14:18:00.815  INFO 24961 --- [http-nio-8080-exec-1] o.a.c.c.C.[Tomcat].[localhost].[/]       : Initializing Spring DispatcherServlet 'dispatcherServlet'
2019-12-13 14:18:00.817  INFO 24961 --- [http-nio-8080-exec-1] o.s.web.servlet.DispatcherServlet        : Initializing Servlet 'dispatcherServlet'
2019-12-13 14:18:00.828  INFO 24961 --- [http-nio-8080-exec-1] o.s.web.servlet.DispatcherServlet        : Completed initialization in 11 ms
2019-12-13 14:18:00.876 DEBUG 24961 --- [http-nio-8080-exec-1] com.yygq.demo.dao.base.BaseDao           : [execute sql] sql: SELECT * FROM `USER_TABLE` WHERE 1 = 1
2019-12-13 14:18:12.070  INFO 24961 --- [SpringContextShutdownHook] o.s.s.concurrent.ThreadPoolTaskExecutor  : Shutting down ExecutorService 'applicationTaskExecutor'
2019-12-13 14:18:12.072  INFO 24961 --- [SpringContextShutdownHook] com.zaxxer.hikari.HikariDataSource       : SpringBootDemoHikariCP - Shutdown initiated...
2019-12-13 14:18:12.084  INFO 24961 --- [SpringContextShutdownHook] com.zaxxer.hikari.HikariDataSource       : SpringBootDemoHikariCP - Shutdown completed.
2019-12-13 14:20:04.459  INFO 25014 --- [restartedMain] com.yygq.demo.DemoApplication            : Starting DemoApplication on AmeReIorideMacBook-Pro.local with PID 25014 (/Users/ame/Desktop/springstu/demo/target/classes started by ame in /Users/ame/Desktop/springstu/demo)
2019-12-13 14:20:04.461 DEBUG 25014 --- [restartedMain] com.yygq.demo.DemoApplication            : Running with Spring Boot v2.2.2.RELEASE, Spring v5.2.2.RELEASE
2019-12-13 14:20:04.462  INFO 25014 --- [restartedMain] com.yygq.demo.DemoApplication            : The following profiles are active: dev
2019-12-13 14:20:04.509  INFO 25014 --- [restartedMain] .e.DevToolsPropertyDefaultsPostProcessor : Devtools property defaults active! Set 'spring.devtools.add-properties' to 'false' to disable
2019-12-13 14:20:04.510  INFO 25014 --- [restartedMain] .e.DevToolsPropertyDefaultsPostProcessor : For additional web related logging consider setting the 'logging.level.web' property to 'DEBUG'
2019-12-13 14:20:05.574  INFO 25014 --- [restartedMain] o.s.b.w.embedded.tomcat.TomcatWebServer  : Tomcat initialized with port(s): 8080 (http)
2019-12-13 14:20:05.585  INFO 25014 --- [restartedMain] o.apache.catalina.core.StandardService   : Starting service [Tomcat]
2019-12-13 14:20:05.586  INFO 25014 --- [restartedMain] org.apache.catalina.core.StandardEngine  : Starting Servlet engine: [Apache Tomcat/9.0.29]
2019-12-13 14:20:05.655  INFO 25014 --- [restartedMain] o.a.c.c.C.[Tomcat].[localhost].[/]       : Initializing Spring embedded WebApplicationContext
2019-12-13 14:20:05.655  INFO 25014 --- [restartedMain] o.s.web.context.ContextLoader            : Root WebApplicationContext: initialization completed in 1145 ms
2019-12-13 14:20:05.741  INFO 25014 --- [restartedMain] com.zaxxer.hikari.HikariDataSource       : SpringBootDemoHikariCP - Starting...
2019-12-13 14:20:05.920  INFO 25014 --- [restartedMain] com.zaxxer.hikari.HikariDataSource       : SpringBootDemoHikariCP - Start completed.
2019-12-13 14:20:05.982  INFO 25014 --- [restartedMain] o.s.b.d.a.OptionalLiveReloadServer       : LiveReload server is running on port 35729
2019-12-13 14:20:06.147  INFO 25014 --- [restartedMain] o.s.s.concurrent.ThreadPoolTaskExecutor  : Initializing ExecutorService 'applicationTaskExecutor'
2019-12-13 14:20:06.213  INFO 25014 --- [restartedMain] o.s.b.a.w.s.WelcomePageHandlerMapping    : Adding welcome page: class path resource [static/index.html]
2019-12-13 14:20:06.341  INFO 25014 --- [restartedMain] o.s.b.w.embedded.tomcat.TomcatWebServer  : Tomcat started on port(s): 8080 (http) with context path ''
2019-12-13 14:20:06.344  INFO 25014 --- [restartedMain] com.yygq.demo.DemoApplication            : Started DemoApplication in 2.4 seconds (JVM running for 2.739)
2019-12-13 14:20:12.148  INFO 25014 --- [http-nio-8080-exec-1] o.a.c.c.C.[Tomcat].[localhost].[/]       : Initializing Spring DispatcherServlet 'dispatcherServlet'
2019-12-13 14:20:12.150  INFO 25014 --- [http-nio-8080-exec-1] o.s.web.servlet.DispatcherServlet        : Initializing Servlet 'dispatcherServlet'
2019-12-13 14:20:12.154  INFO 25014 --- [http-nio-8080-exec-1] o.s.web.servlet.DispatcherServlet        : Completed initialization in 4 ms
2019-12-13 14:20:12.191 DEBUG 25014 --- [http-nio-8080-exec-1] com.yygq.demo.dao.base.BaseDao           : [execute sql] sql: SELECT * FROM `USER_TABLE` WHERE 1 = 1
